[0mGET /__/ [32m200 [0m5.719 ms - -[0m
[0mGET /__cypress/runner/cypress_runner.css [32m200 [0m4.329 ms - -[0m
[0mGET /__cypress/runner/cypress_runner.js [32m200 [0m3.228 ms - -[0m
[0mGET /__cypress/static/favicon.ico [32m200 [0m2.354 ms - -[0m
[0mGET /__cypress/iframes/integration/examples/instructure.js [32m200 [0m3.446 ms - 759[0m
[0mGET /__cypress/runner/fonts/fa-solid-900.woff2 [32m200 [0m1.052 ms - 75728[0m
[0mGET /__cypress/tests?p=cypress/support/index.js-486 [32m200 [0m1110.482 ms - -[0m
[0mGET /__cypress/tests?p=cypress/integration/examples/instructure.js-325 [32m200 [0m1169.444 ms - -[0m
[0mGET /__/ [32m200 [0m0.865 ms - -[0m
[0mGET /__cypress/runner/cypress_runner.css [32m200 [0m1.408 ms - -[0m
[0mGET /__cypress/runner/cypress_runner.js [32m200 [0m1.049 ms - -[0m
[0mGET /__cypress/iframes/integration/examples/instructure.js [32m200 [0m1.108 ms - 763[0m
[0mGET /__cypress/runner/fonts/fa-solid-900.woff2 [32m200 [0m0.725 ms - 75728[0m
[0mGET /__cypress/tests?p=cypress/support/index.js-939 [32m200 [0m4.165 ms - -[0m
[0mGET /__cypress/tests?p=cypress/integration/examples/instructure.js-727 [32m200 [0m1.433 ms - -[0m
[0mGET / [32m200 [0m22.154 ms - -[0m
[0mGET /stylesheets/bridge-ui-components-a20c835f65f9c2d013e7282cc03050e4.css [32m200 [0m231.398 ms - -[0m
[0mGET /stylesheets/authorization-dcf9ff19c10dd2074c91a748dde972b5.css [32m200 [0m238.285 ms - -[0m
[0mGET /stylesheets/my-learning-cafc9c836bf9f5470c809c9b1afdf4a3.css [32m200 [0m237.845 ms - -[0m
[0mGET /stylesheets/author-be94a8e5fd806c49ee095ff1c75ba74d.css [32m200 [0m253.993 ms - -[0m
[0mGET /stylesheets/admin-modules-8c28f71b758de09239b2cf22cb1a6a2b.css [32m200 [0m58.472 ms - -[0m
[0mGET /stylesheets/insights-modules-5994be9852505052bec52cc4a025cfe5.css [32m200 [0m56.525 ms - -[0m
[0mGET /stylesheets/my-learning-modules-95ecdca2267db106bcb9e4d9700e6a32.css [32m200 [0m57.363 ms - -[0m
[0mGET /stylesheets/insights-c442b4dcbf6611f12825a815e8234b9b.css [32m200 [0m74.616 ms - -[0m
[0mGET /stylesheets/application-6ac5d95dbe10aecd452e510f2fd6ae8b.css [32m200 [0m63.066 ms - -[0m
[0mHEAD / [0m- [0m- ms - -[0m
[0mHEAD / [0m- [0m- ms - -[0m
[0mHEAD / [0m- [0m- ms - -[0m
[0mGET /javascripts/polyfill.min-225c14830304446d6b2f17f4c2b0f218.js [32m200 [0m63.018 ms - -[0m
[0mGET /javascripts/authorization-ffb240adb149137a1b98.js [32m200 [0m60.665 ms - -[0m
[0mGET /javascripts/insights-f2b2272d56b555942ae3.js [32m200 [0m62.491 ms - -[0m
[0mGET /javascripts/my-learning-4ddfe32b6b87cce60ae8.js [32m200 [0m71.439 ms - -[0m
[0mGET /javascripts/admin-e436d00839c81d42ed3a.js [32m200 [0m246.876 ms - -[0m
[0mGET /javascripts/application-769962b6e50cdaef14d0.js [32m200 [0m67.581 ms - -[0m
[0mGET /javascripts/author-bd5434c4809de2a031fc.js [32m200 [0m70.172 ms - -[0m
[0mGET /javascripts/vendor-3e16c3d82c178aaf3cf0.js [32m200 [0m62.570 ms - -[0m
[0mGET /fonts/avenir_normal-bccb425c76d49d20148ffc1bbf0c07bf.woff [32m200 [0m65.403 ms - -[0m
[0mHEAD /api/heartbeat [32m204 [0m58.052 ms - -[0m
[0mGET /api/learner/profile/self [33m401 [0m69.343 ms - -[0m
[0mGET /auth/oauth2 [36m302 [0m75.411 ms - 454[0m
[0mHEAD /api/heartbeat [32m204 [0m62.308 ms - -[0m
[0mGET /runtime.json [32m200 [0m121.181 ms - -[0m
[0mHEAD /api/heartbeat [32m204 [0m60.137 ms - -[0m
[0mGET /oauth2/authorize?response_type=code&client_id=8540cd00-6c95-4a56-acc6-2e0da654829a&redirect_uri=https%3A%2F%2Fben.staging.bridgeapp.com%2Fauth%2Foauth2%2Fcallback [36m302 [0m388.081 ms - 252[0m
[0mGET /login?external=1&state=CMEJ_RaSsZ98al1XMsY67t_Ii7wTjKiBFK1ZokR8Seo [32m200 [0m123.668 ms - -[0m
[0mGET /stylesheets/bridge-ui-components-a20c835f65f9c2d013e7282cc03050e4.css [32m200 [0m229.428 ms - -[0m
[0mGET /stylesheets/author-be94a8e5fd806c49ee095ff1c75ba74d.css [32m200 [0m235.886 ms - -[0m
[0mGET /stylesheets/authorization-dcf9ff19c10dd2074c91a748dde972b5.css [32m200 [0m59.285 ms - -[0m
[0mGET /javascripts/authorization-ffb240adb149137a1b98.js [32m200 [0m277.479 ms - -[0m
[0mGET /stylesheets/my-learning-cafc9c836bf9f5470c809c9b1afdf4a3.css [32m200 [0m57.407 ms - -[0m
[0mGET /stylesheets/application-6ac5d95dbe10aecd452e510f2fd6ae8b.css [32m200 [0m60.329 ms - -[0m
[0mGET /stylesheets/admin-modules-8c28f71b758de09239b2cf22cb1a6a2b.css [32m200 [0m58.367 ms - -[0m
[0mGET /stylesheets/insights-modules-5994be9852505052bec52cc4a025cfe5.css [32m200 [0m59.632 ms - -[0m
[0mGET /stylesheets/my-learning-modules-95ecdca2267db106bcb9e4d9700e6a32.css [32m200 [0m54.647 ms - -[0m
[0mGET /stylesheets/insights-c442b4dcbf6611f12825a815e8234b9b.css [32m200 [0m58.595 ms - -[0m
[0mGET /javascripts/insights-f2b2272d56b555942ae3.js [32m200 [0m57.105 ms - -[0m
[0mGET /javascripts/my-learning-4ddfe32b6b87cce60ae8.js [32m200 [0m116.517 ms - -[0m
[0mGET /javascripts/admin-e436d00839c81d42ed3a.js [32m200 [0m125.563 ms - -[0m
[0mGET /javascripts/author-bd5434c4809de2a031fc.js [32m200 [0m126.123 ms - -[0m
[0mHEAD /api/heartbeat [32m204 [0m60.879 ms - -[0m
[0mGET /api/learner/profile/self [33m401 [0m71.337 ms - -[0m
[0mGET /runtime.json [32m200 [0m102.668 ms - -[0m
[0mGET /buc-assets/54eff17cb3ec2b7bc37236f1a44d009f.woff [33m404 [0m83.022 ms - -[0m
[0mGET /buc-assets/bccb425c76d49d20148ffc1bbf0c07bf.woff [33m404 [0m94.607 ms - -[0m
[0mGET /buc-assets/41addb28c6d6f3e3c59910406d26b2bc.woff [33m404 [0m96.314 ms - -[0m
[0mGET /buc-assets/e4ffab735e9125a0f797ca19bf48513d.ttf [33m404 [0m82.673 ms - -[0m
[0mGET /buc-assets/0c3d738a00c4ae4a56ecc682221b2a93.ttf [33m404 [0m84.511 ms - -[0m
[0mGET /buc-assets/1f5136f352cbecfd3b7bcfbdba8bd2cc.ttf [33m404 [0m87.909 ms - -[0m
[0mGET /fonts/avenir_semibold-54eff17cb3ec2b7bc37236f1a44d009f.woff [32m200 [0m55.276 ms - -[0m
[0mGET /fonts/avenir_light-41addb28c6d6f3e3c59910406d26b2bc.woff [32m200 [0m54.774 ms - -[0m
[0mGET /stylesheets/author-be94a8e5fd806c49ee095ff1c75ba74d.css [32m200 [0m60.265 ms - -[0m
[0mGET /stylesheets/authorization-dcf9ff19c10dd2074c91a748dde972b5.css [32m200 [0m59.947 ms - -[0m
[0mGET /stylesheets/my-learning-cafc9c836bf9f5470c809c9b1afdf4a3.css [32m200 [0m60.980 ms - -[0m
[0mGET /stylesheets/admin-modules-8c28f71b758de09239b2cf22cb1a6a2b.css [32m200 [0m60.110 ms - -[0m
[0mGET /stylesheets/application-6ac5d95dbe10aecd452e510f2fd6ae8b.css [32m200 [0m62.238 ms - -[0m
[0mGET /stylesheets/bridge-ui-components-a20c835f65f9c2d013e7282cc03050e4.css [32m200 [0m107.220 ms - -[0m
[0mGET /stylesheets/insights-modules-5994be9852505052bec52cc4a025cfe5.css [32m200 [0m56.615 ms - -[0m
[0mGET /stylesheets/my-learning-modules-95ecdca2267db106bcb9e4d9700e6a32.css [32m200 [0m56.501 ms - -[0m
[0mGET /stylesheets/insights-c442b4dcbf6611f12825a815e8234b9b.css [32m200 [0m57.160 ms - -[0m
[0mGET /buc-assets/1db846ed54f194eb5b4fa0ca610421c9.eot [33m404 [0m80.998 ms - -[0m
[0mGET /buc-assets/54eff17cb3ec2b7bc37236f1a44d009f.woff [33m404 [0m89.880 ms - -[0m
[0mGET /buc-assets/a982b2e43032bb2657351fb1c6485348.eot [33m404 [0m82.589 ms - -[0m
[0mGET /buc-assets/bccb425c76d49d20148ffc1bbf0c07bf.woff [33m404 [0m83.485 ms - -[0m
[0mGET /buc-assets/e4ffab735e9125a0f797ca19bf48513d.ttf [33m404 [0m95.133 ms - -[0m
[0mGET /buc-assets/1f5136f352cbecfd3b7bcfbdba8bd2cc.ttf [33m404 [0m88.036 ms - -[0m
[0mGET /buc-assets/140df10c0c0028b23094b744ca1b4296.eot [33m404 [0m81.768 ms - -[0m
[0mGET /fonts/getsmart-a6898a3277812bff42e7f06414a67cfb.woff2 [32m200 [0m55.273 ms - -[0m
[0mGET /fonts/getsmart-b1a8c5113e58295aa7e2e013fdbd0854.woff [32m200 [0m54.160 ms - -[0m
[0mGET /buc-assets/41addb28c6d6f3e3c59910406d26b2bc.woff [33m404 [0m91.246 ms - -[0m
[0mGET /fonts/getsmart-13b5e715b8bfd8e98aa58b14a63f6536.eot [32m200 [0m60.372 ms - -[0m
[0mGET /fonts/getsmart-52fbd391a7f4aba2fe5b8222ee80e3b2.ttf [32m200 [0m55.722 ms - -[0m
[0mGET /buc-assets/0c3d738a00c4ae4a56ecc682221b2a93.ttf [33m404 [0m93.031 ms - -[0m
[0mGET /buc-assets/697b787674fd7237419e2c9373781011.svg [32m200 [0m56.508 ms - -[0m
[0mGET /buc-assets/6de3eb2139da8a85a6738f4fd2daa007.svg [32m200 [0m57.761 ms - -[0m
[0mGET /buc-assets/09b41a96b1e3cd1ebc02a57d359b86a0.svg [32m200 [0m55.755 ms - -[0m
[0mGET /buc-assets/1bb1e182298f026001a063d2cffbfa94.svg [32m200 [0m56.174 ms - -[0m
[0mGET /buc-assets/1a19364441c525b9f99487c250413f9c.svg [32m200 [0m53.750 ms - -[0m
[0mGET /fonts/getsmart-1c02e7d548c6a61e7cb5f8d2ee64580f.svg [32m200 [0m57.445 ms - -[0m
[0mGET /buc-assets/b0c1aca989ee85b06cc9c6fcf6414d40.svg [32m200 [0m57.022 ms - -[0m
[0mGET /buc-assets/774874e768a89b2420b06739c3248e61.svg [32m200 [0m57.583 ms - -[0m
[0mGET /buc-assets/3ff74ace891b0ece970b1a420d7f5e1e.svg [32m200 [0m60.914 ms - -[0m
[0mGET /buc-assets/4ab12990c1ca226f7f0855a811c46803.svg [32m200 [0m58.717 ms - -[0m
[0mGET /buc-assets/c21e85ec0689853f574e58185c06911c.svg [32m200 [0m56.281 ms - -[0m
[0mGET /buc-assets/3cd063ae87b806ddbfb857259abb62e7.svg [32m200 [0m56.123 ms - -[0m
[0mGET /buc-assets/0c80138d2e4bd57e4116bde2a0eec3c2.svg [32m200 [0m58.449 ms - -[0m
[0mGET /buc-assets/1d7e8b0554727bf182e682123fd67758.svg [32m200 [0m57.007 ms - -[0m
[0mGET /buc-assets/0824b2b291a50d9e14b51e326da69c7a.svg [32m200 [0m55.398 ms - -[0m
[0mGET /buc-assets/e06b5a26c47d60055ca4ce3db128c530.svg [32m200 [0m54.139 ms - -[0m
[0mGET /buc-assets/c0f61977a05c5671283be4f009507910.svg [32m200 [0m58.982 ms - -[0m
[0mGET /buc-assets/45e1bc40897d70c6aeb8b43c7422e69a.svg [32m200 [0m57.870 ms - -[0m
[0mGET /buc-assets/a7fa0a9d06df57978fde0c84c7cd7ae6.svg [32m200 [0m57.440 ms - -[0m
[0mGET /buc-assets/13286324838471c3c85f8dd01e33b5a8.svg [32m200 [0m57.942 ms - -[0m
[0mGET /buc-assets/f8b06295d9f638916eeb0d735457a003.svg [32m200 [0m57.811 ms - -[0m
[0mGET /buc-assets/8f1db12bb6b7e8536a44a722b790c9a6.svg [32m200 [0m56.083 ms - -[0m
[0mGET /buc-assets/2198fde0988256a4c8b9c1ea948ec510.svg [32m200 [0m59.617 ms - -[0m
[0mGET /buc-assets/cdc0c99c3acfb66bc936205f2ad1afe3.svg [32m200 [0m56.763 ms - -[0m
[0mGET /buc-assets/085813000427f6077a2e0024e2133020.svg [32m200 [0m58.420 ms - -[0m
[0mGET /buc-assets/0dc841564102705bcacacd362b3b8131.svg [32m200 [0m58.771 ms - -[0m
[0mGET /buc-assets/5a372f0c1678dc475bef425fcf2cb3ac.svg [32m200 [0m60.571 ms - -[0m
[0mGET /buc-assets/9c9a51bb6d7dc35bd35831aee3177e58.svg [32m200 [0m61.351 ms - -[0m
[0mGET /buc-assets/eff18a5f32d4e6999e0c2f6502e3ae00.svg [32m200 [0m61.212 ms - -[0m
[0mGET /buc-assets/eb25a97dbadd7aca490988e34b718575.svg [32m200 [0m53.789 ms - -[0m
[0mGET /buc-assets/843968ce1c1735353cdbf1970ad246c9.svg [32m200 [0m56.867 ms - -[0m
[0mGET /buc-assets/540c3d1d2377d3e234718585baaa6fee.svg [32m200 [0m57.725 ms - -[0m
[0mGET /buc-assets/61999964b531d5f7b1e877db1aafb4d3.svg [32m200 [0m55.405 ms - -[0m
[0mGET /buc-assets/c8296e41552fe8ffb63389aeea0692fb.svg [32m200 [0m54.422 ms - -[0m
[0mGET /buc-assets/ea341e9bf203d2d7ea06e626f1b37ddb.svg [32m200 [0m53.892 ms - -[0m
[0mGET /buc-assets/1940b0e6fc23e054d58b688fca9d0ba8.svg [32m200 [0m54.989 ms - -[0m
[0mGET /buc-assets/84e9eafdc9ce259a62d8adc739111df3.svg [32m200 [0m57.942 ms - -[0m
[0mGET /buc-assets/7efd8a2c6d67966f86286dee866f7c71.svg [32m200 [0m56.949 ms - -[0m
[0mGET /buc-assets/72c7e44d931071f9fe58649b8f0535e4.svg [32m200 [0m57.938 ms - -[0m
[0mGET /buc-assets/bf164f9a70780dba865cd5db18ef330c.svg [32m200 [0m57.734 ms - -[0m
[0mGET /buc-assets/a45b91b6c392b08966e94a694c74cca0.svg [32m200 [0m60.831 ms - -[0m
[0mGET /buc-assets/3090885590ca90890667f8799ae8b396.svg [32m200 [0m53.696 ms - -[0m
[0mGET /images/mejs-controls-f0849a5e79712b10e1531925e3edb879.svg [32m200 [0m54.142 ms - -[0m
[0mGET /fonts/avenir_semibold-1db846ed54f194eb5b4fa0ca610421c9.eot [32m200 [0m55.518 ms - -[0m
[0mGET /fonts/avenir_semibold-54eff17cb3ec2b7bc37236f1a44d009f.woff [32m200 [0m54.864 ms - -[0m
[0mGET /fonts/avenir_semibold-e4ffab735e9125a0f797ca19bf48513d.ttf [32m200 [0m55.108 ms - -[0m
[0mGET /fonts/avenir_normal-a982b2e43032bb2657351fb1c6485348.eot [32m200 [0m57.039 ms - -[0m
[0mGET /fonts/avenir_normal-bccb425c76d49d20148ffc1bbf0c07bf.woff [32m200 [0m54.033 ms - -[0m
[0mGET /fonts/avenir_normal-1f5136f352cbecfd3b7bcfbdba8bd2cc.ttf [32m200 [0m55.233 ms - -[0m
[0mGET /fonts/avenir_light-41addb28c6d6f3e3c59910406d26b2bc.woff [32m200 [0m56.481 ms - -[0m
[0mGET /fonts/avenir_light-140df10c0c0028b23094b744ca1b4296.eot [32m200 [0m58.929 ms - -[0m
[0mGET /fonts/avenir_light-0c3d738a00c4ae4a56ecc682221b2a93.ttf [32m200 [0m59.383 ms - -[0m
[0mGET /images/color-filter-185238375d49cc7c68ed363fe58325cf.svg [32m200 [0m57.742 ms - -[0m
[0mGET /images/masquerade_avatars.png [33m404 [0m58.113 ms - -[0m
[0mGET /images/404_desert-ce16f3f834b154ccbdf2ecaa1e5e27d3.jpg [32m200 [0m56.044 ms - -[0m
[0mGET /images/bridge-bg-d468084397c378bac886d9cfd46a2516.jpg [32m200 [0m60.215 ms - -[0m
[0mPOST /auth/oauth2/basic [32m200 [0m702.390 ms - -[0m
[0mPOST /basic/callback?state=CMEJ_RaSsZ98al1XMsY67t_Ii7wTjKiBFK1ZokR8Seo [36m302 [0m1334.830 ms - 250[0m
[0mGET /auth/oauth2/callback?code=Q1PCN0oyz1k-0R6KuvvcOBh6gml3M8Qew2gpys5jDs8 [32m200 [0m927.042 ms - -[0m
[0mGET /stylesheets/admin-modules-8c28f71b758de09239b2cf22cb1a6a2b.css [32m200 [0m56.105 ms - -[0m
[0mGET /stylesheets/my-learning-cafc9c836bf9f5470c809c9b1afdf4a3.css [32m200 [0m71.687 ms - -[0m
[0mGET /stylesheets/bridge-ui-components-a20c835f65f9c2d013e7282cc03050e4.css [32m200 [0m115.832 ms - -[0m
[0mGET /stylesheets/authorization-dcf9ff19c10dd2074c91a748dde972b5.css [32m200 [0m119.578 ms - -[0m
[0mGET /stylesheets/author-be94a8e5fd806c49ee095ff1c75ba74d.css [32m200 [0m121.678 ms - -[0m
[0mGET /stylesheets/insights-modules-5994be9852505052bec52cc4a025cfe5.css [32m200 [0m59.099 ms - -[0m
[0mGET /stylesheets/application-6ac5d95dbe10aecd452e510f2fd6ae8b.css [32m200 [0m118.548 ms - -[0m
[0mGET /stylesheets/my-learning-modules-95ecdca2267db106bcb9e4d9700e6a32.css [32m200 [0m58.634 ms - -[0m
[0mGET /stylesheets/insights-c442b4dcbf6611f12825a815e8234b9b.css [32m200 [0m55.827 ms - -[0m
[0mGET /fonts/avenir_normal-bccb425c76d49d20148ffc1bbf0c07bf.woff [32m200 [0m55.349 ms - -[0m
[0mHEAD /api/heartbeat [32m204 [0m55.288 ms - -[0m
[0mGET /api/learner/profile/self [32m200 [0m503.234 ms - -[0m
[0mGET /runtime.json [32m200 [0m567.731 ms - -[0m
[0mGET /talent/home [36m302 [0m1319.945 ms - 146[0m
[0mGET /talent/home [32m200 [0m454.123 ms - -[0m
[0mGET /connect/assets/manifest.json [32m200 [0m72.542 ms - -[0m
[0mGET /talent/manifest.json [32m200 [0m55.140 ms - -[0m
[0mGET /engage/assets/manifest.json [32m200 [0m185.101 ms - -[0m
[0mGET /bridge-status/manifest.json [32m200 [0m206.197 ms - -[0m
[0mGET /bridge-transitions/manifest.json [32m200 [0m199.303 ms - -[0m
[0mGET /api/feature_flags [32m200 [0m115.912 ms - -[0m
[0mGET /sso/users/self?timestamp=1576698294028 [33m401 [0m61.551 ms - -[0m
[0mPOST /sso/authmonger/refresh [33m401 [0m176.299 ms - -[0m
[0mGET /sso/authmonger/login?location=%2Ftalent%2Fhome [36m302 [0m59.494 ms - 528[0m
[0mGET /oauth2/authorize?client_id=8cdd72c7-0017-40e4-b1da-ffe2b0964978&redirect_uri=https%3A%2F%2Fben.suite.staging.bridgeapp.com%2Fsso%2Fauthmonger%2Fauthorize&response_type=code&state=%2Ftalent%2Fhome [36m302 [0m507.742 ms - 316[0m
[0mGET /sso/authmonger/authorize?code=Bgznj-0px1RwVTiUcSDrIMYnGA4BlWUHSsbVYkvjl4E&state=/talent/home [36m302 [0m255.602 ms - 68[0m
[0mGET /talent/home [32m200 [0m195.917 ms - -[0m
[0mGET /engage/assets/manifest.json [32m200 [0m64.467 ms - -[0m
[0mGET /connect/assets/manifest.json [32m200 [0m79.319 ms - -[0m
[0mGET /talent/manifest.json [32m200 [0m56.705 ms - -[0m
[0mGET /bridge-status/manifest.json [32m200 [0m81.230 ms - -[0m
[0mGET /bridge-transitions/manifest.json [32m200 [0m81.115 ms - -[0m
[0mGET /api/feature_flags [32m200 [0m123.420 ms - -[0m
[0mGET /sso/users/self?timestamp=1576698295804 [32m200 [0m374.211 ms - -[0m
[0mGET /api/learner/sub_account?as_user_id=8440 [32m200 [0m646.075 ms - -[0m
[0mGET /talent/static/css/main.d36c63c8.chunk.css [32m200 [0m60.441 ms - -[0m
[0mGET /bridge-transitions/bridge-transitions.ddde71711d096f40fe9a2dac19a505c1.css [32m200 [0m73.450 ms - -[0m
[0mGET /talent/static/css/inst.684bb0f5.chunk.css [32m200 [0m67.329 ms - -[0m
[0mGET /bridge-transitions/runtime.a5d15ec58a1031c4b1af.js [32m200 [0m78.852 ms - -[0m
[0mGET /talent/static/js/runtime~main.49fd6282.js [32m200 [0m62.837 ms - -[0m
[0mGET /bridge-transitions/vendor_stub.js [32m200 [0m77.781 ms - -[0m
[0mGET /bridge-transitions/application.a1f4389fccb395c948b2.js [32m200 [0m80.896 ms - -[0m
[0mGET /talent/static/js/vendors~main.a65f68ba.chunk.js [32m200 [0m64.379 ms - -[0m
[0mGET /api/lti_placements?placement[]=learner_nav&placement[]=admin_nav [32m200 [0m643.550 ms - -[0m
[0mGET /api/talent/users/current/notifications/in_app?page=0&size=25 [32m200 [0m213.237 ms - -[0m
[0mGET /talent/static/js/inst.65787d3f.chunk.js [32m200 [0m61.409 ms - -[0m
[0mGET /api/talent/users/8440 [32m200 [0m297.297 ms - -[0m
[0mGET /api/talent/todos/users/8440 [32m200 [0m362.850 ms - -[0m
[0mGET /talent/static/js/main.d003bd44.chunk.js [32m200 [0m62.891 ms - -[0m
[0mGET /api/talent/users/current [32m200 [0m199.749 ms - -[0m
[0mGET /api/talent/meta/features [32m200 [0m197.437 ms - -[0m
[0mGET /api/talent/users/current/preferences [32m200 [0m217.217 ms - -[0m
[0mGET /buc-assets/bccb425c76d49d20148ffc1bbf0c07bf.woff [33m404 [0m190.906 ms - -[0m
[0mGET /api/talent/users/current/profile [32m200 [0m252.404 ms - -[0m
[0mGET /talent/static/css/57.61835aa3.chunk.css [32m200 [0m59.857 ms - -[0m
[0mGET /talent/static/js/2.2f70636a.chunk.js [32m200 [0m60.061 ms - -[0m
[0mGET /talent/static/js/1.15e72a6f.chunk.js [32m200 [0m64.519 ms - -[0m
[0mGET /talent/static/js/3.87cc7d75.chunk.js [32m200 [0m67.598 ms - -[0m
[0mGET /buc-assets/1f5136f352cbecfd3b7bcfbdba8bd2cc.ttf [33m404 [0m82.596 ms - -[0m
[0mGET /talent/static/media/avenir-normal.bccb425c.woff [32m200 [0m60.435 ms - -[0m
[0mGET /talent/static/js/57.2418165b.chunk.js [32m200 [0m178.393 ms - -[0m
[0mGET /api/talent/learn/lti_placements?placement=learner_nav&placement=admin_nav [32m200 [0m264.617 ms - -[0m
[0mGET /talent/static/media/career-path.ig.dce3fc32.svg [32m200 [0m59.525 ms - -[0m
[0mGET /talent/static/media/6de3eb2139da8a85a6738f4fd2daa007.6de3eb21.svg [32m200 [0m59.392 ms - -[0m
[0mGET /buc-assets/54eff17cb3ec2b7bc37236f1a44d009f.woff [33m404 [0m94.676 ms - -[0m
[0mGET /talent/static/media/home-header-bg-v2.2eb3dac7.jpg [32m200 [0m56.906 ms - -[0m
[0mGET /buc-assets/e4ffab735e9125a0f797ca19bf48513d.ttf [33m404 [0m76.861 ms - -[0m
[0mGET /api/talent/users/current/preferences [32m200 [0m205.232 ms - -[0m
[0mGET /talent/static/media/avenir-semibold.54eff17c.woff [32m200 [0m58.556 ms - -[0m
[0mGET /api/talent/home [32m200 [0m234.333 ms - -[0m
[0mGET /talent/static/media/mountains-pink.3cf34a16.png [32m200 [0m53.748 ms - -[0m
[0mGET /buc-assets/41addb28c6d6f3e3c59910406d26b2bc.woff [33m404 [0m79.232 ms - -[0m
[0mGET /talent/static/css/main.d36c63c8.chunk.css [32m200 [0m58.706 ms - -[0m
[0mGET /talent/static/css/inst.684bb0f5.chunk.css [32m200 [0m62.296 ms - -[0m
[0mGET /bridge-transitions/bridge-transitions.ddde71711d096f40fe9a2dac19a505c1.css [32m200 [0m80.180 ms - -[0m
[0mGET /buc-assets/e4ffab735e9125a0f797ca19bf48513d.ttf [33m404 [0m79.284 ms - -[0m
[0mGET /buc-assets/a982b2e43032bb2657351fb1c6485348.eot [33m404 [0m79.240 ms - -[0m
[0mPUT /api/talent/users/current/preferences [32m200 [0m226.693 ms - -[0m
[0mGET /buc-assets/bccb425c76d49d20148ffc1bbf0c07bf.woff [33m404 [0m81.417 ms - -[0m
[0mGET /talent/static/css/57.61835aa3.chunk.css [32m200 [0m176.549 ms - -[0m
[0mGET /buc-assets/1db846ed54f194eb5b4fa0ca610421c9.eot [33m404 [0m209.306 ms - -[0m
[0mGET /buc-assets/54eff17cb3ec2b7bc37236f1a44d009f.woff [33m404 [0m208.904 ms - -[0m
[0mGET /buc-assets/1f5136f352cbecfd3b7bcfbdba8bd2cc.ttf [33m404 [0m80.797 ms - -[0m
[0mGET /buc-assets/140df10c0c0028b23094b744ca1b4296.eot [33m404 [0m80.739 ms - -[0m
[0mGET /talent/home [32m200 [0m77.721 ms - -[0m
[0mGET /buc-assets/0c3d738a00c4ae4a56ecc682221b2a93.ttf [33m404 [0m93.595 ms - -[0m
[0mGET /buc-assets/41addb28c6d6f3e3c59910406d26b2bc.woff [33m404 [0m95.975 ms - -[0m
[0mGET /buc-assets/0c3d738a00c4ae4a56ecc682221b2a93.ttf [33m404 [0m77.920 ms - -[0m
[0mGET /talent/static/media/avenir-light.41addb28.woff [32m200 [0m62.962 ms - -[0m
[0mGET /talent/static/css/main.d36c63c8.chunk.css [32m200 [0m62.006 ms - -[0m
[0mGET /talent/static/css/57.61835aa3.chunk.css [32m200 [0m59.465 ms - -[0m
[0mGET /talent/static/css/inst.684bb0f5.chunk.css [32m200 [0m57.482 ms - -[0m
[0mGET /__cypress/runner/fonts/fa-regular-400.woff2 [32m200 [0m5.742 ms - 13584[0m
[0mGET /bridge-transitions/bridge-transitions.ddde71711d096f40fe9a2dac19a505c1.css [32m200 [0m79.722 ms - -[0m
[0mGET /buc-assets/54eff17cb3ec2b7bc37236f1a44d009f.woff [33m404 [0m76.170 ms - -[0m
[0mGET /buc-assets/1db846ed54f194eb5b4fa0ca610421c9.eot [33m404 [0m80.482 ms - -[0m
[0mGET /buc-assets/e4ffab735e9125a0f797ca19bf48513d.ttf [33m404 [0m72.526 ms - -[0m
[0mGET /buc-assets/a982b2e43032bb2657351fb1c6485348.eot [33m404 [0m76.711 ms - -[0m
[0mGET /buc-assets/bccb425c76d49d20148ffc1bbf0c07bf.woff [33m404 [0m78.325 ms - -[0m
[0mGET /buc-assets/1f5136f352cbecfd3b7bcfbdba8bd2cc.ttf [33m404 [0m77.126 ms - -[0m
[0mGET /buc-assets/140df10c0c0028b23094b744ca1b4296.eot [33m404 [0m77.114 ms - -[0m
[0mGET /buc-assets/41addb28c6d6f3e3c59910406d26b2bc.woff [33m404 [0m87.586 ms - -[0m
[0mGET /talent/home [32m200 [0m80.344 ms - -[0m
[0mGET /buc-assets/0c3d738a00c4ae4a56ecc682221b2a93.ttf [33m404 [0m90.192 ms - -[0m
[0mPOST /sso/authmonger/logout [32m200 [0m659.590 ms - -[0m
[0mGET /api/talent/logout [36m302 [0m74.410 ms - 132[0m
[0mGET /signed-out [32m200 [0m937.887 ms - -[0m
[0mHEAD /api/heartbeat [32m204 [0m165.471 ms - -[0m
[0mGET /api/learner/profile/self [33m401 [0m878.519 ms - -[0m
[0mGET /buc-assets/54eff17cb3ec2b7bc37236f1a44d009f.woff [33m404 [0m878.908 ms - -[0m
[0mGET /buc-assets/41addb28c6d6f3e3c59910406d26b2bc.woff [33m404 [0m921.256 ms - -[0m
[0mGET /runtime.json [32m200 [0m945.364 ms - -[0m
[0mGET /buc-assets/e4ffab735e9125a0f797ca19bf48513d.ttf [33m404 [0m897.280 ms - -[0m
[0mGET /auth/reissue?is_public=false [33m401 [0m917.219 ms - -[0m
[0mGET /buc-assets/0c3d738a00c4ae4a56ecc682221b2a93.ttf [33m404 [0m900.998 ms - -[0m
[0mGET /fonts/avenir_semibold-54eff17cb3ec2b7bc37236f1a44d009f.woff [32m200 [0m58.232 ms - -[0m
[0mGET /fonts/avenir_light-41addb28c6d6f3e3c59910406d26b2bc.woff [32m200 [0m54.779 ms - -[0m
[0mGET /stylesheets/bridge-ui-components-a20c835f65f9c2d013e7282cc03050e4.css [32m200 [0m56.333 ms - -[0m
[0mGET /stylesheets/authorization-dcf9ff19c10dd2074c91a748dde972b5.css [32m200 [0m61.514 ms - -[0m
[0mGET /stylesheets/my-learning-cafc9c836bf9f5470c809c9b1afdf4a3.css [32m200 [0m60.125 ms - -[0m
[0mGET /stylesheets/author-be94a8e5fd806c49ee095ff1c75ba74d.css [32m200 [0m62.899 ms - -[0m
[0mGET /stylesheets/admin-modules-8c28f71b758de09239b2cf22cb1a6a2b.css [32m200 [0m56.207 ms - -[0m
[0mGET /stylesheets/insights-modules-5994be9852505052bec52cc4a025cfe5.css [32m200 [0m59.644 ms - -[0m
[0mGET /stylesheets/application-6ac5d95dbe10aecd452e510f2fd6ae8b.css [32m200 [0m60.401 ms - -[0m
[0mGET /stylesheets/my-learning-modules-95ecdca2267db106bcb9e4d9700e6a32.css [32m200 [0m57.286 ms - -[0m
[0mGET /stylesheets/insights-c442b4dcbf6611f12825a815e8234b9b.css [32m200 [0m60.760 ms - -[0m
[0mGET /buc-assets/1db846ed54f194eb5b4fa0ca610421c9.eot [33m404 [0m893.434 ms - -[0m
[0mGET /buc-assets/54eff17cb3ec2b7bc37236f1a44d009f.woff [33m404 [0m892.874 ms - -[0m
[0mGET /buc-assets/e4ffab735e9125a0f797ca19bf48513d.ttf [33m404 [0m900.590 ms - -[0m
[0mGET /buc-assets/bccb425c76d49d20148ffc1bbf0c07bf.woff [33m404 [0m894.778 ms - -[0m
[0mGET /buc-assets/a982b2e43032bb2657351fb1c6485348.eot [33m404 [0m939.294 ms - -[0m
[0mGET /buc-assets/697b787674fd7237419e2c9373781011.svg [32m200 [0m50.724 ms - -[0m
[0mGET /buc-assets/6de3eb2139da8a85a6738f4fd2daa007.svg [32m200 [0m50.635 ms - -[0m
[0mGET /buc-assets/09b41a96b1e3cd1ebc02a57d359b86a0.svg [32m200 [0m51.117 ms - -[0m
[0mGET /buc-assets/1bb1e182298f026001a063d2cffbfa94.svg [32m200 [0m51.984 ms - -[0m
[0mGET /buc-assets/1a19364441c525b9f99487c250413f9c.svg [32m200 [0m55.787 ms - -[0m
[0mGET /buc-assets/b0c1aca989ee85b06cc9c6fcf6414d40.svg [32m200 [0m52.954 ms - -[0m
[0mGET /buc-assets/774874e768a89b2420b06739c3248e61.svg [32m200 [0m55.346 ms - -[0m
[0mGET /buc-assets/3ff74ace891b0ece970b1a420d7f5e1e.svg [32m200 [0m52.059 ms - -[0m
[0mGET /buc-assets/4ab12990c1ca226f7f0855a811c46803.svg [32m200 [0m51.023 ms - -[0m
[0mGET /buc-assets/c21e85ec0689853f574e58185c06911c.svg [32m200 [0m50.033 ms - -[0m
[0mGET /buc-assets/3cd063ae87b806ddbfb857259abb62e7.svg [32m200 [0m64.814 ms - -[0m
[0mGET /buc-assets/0c80138d2e4bd57e4116bde2a0eec3c2.svg [32m200 [0m55.745 ms - -[0m
[0mGET /buc-assets/1d7e8b0554727bf182e682123fd67758.svg [32m200 [0m55.442 ms - -[0m
[0mGET /buc-assets/0824b2b291a50d9e14b51e326da69c7a.svg [32m200 [0m55.554 ms - -[0m
[0mGET /buc-assets/c0f61977a05c5671283be4f009507910.svg [32m200 [0m57.625 ms - -[0m
[0mGET /buc-assets/e06b5a26c47d60055ca4ce3db128c530.svg [32m200 [0m57.328 ms - -[0m
[0mGET /buc-assets/45e1bc40897d70c6aeb8b43c7422e69a.svg [32m200 [0m55.932 ms - -[0m
[0mGET /buc-assets/a7fa0a9d06df57978fde0c84c7cd7ae6.svg [32m200 [0m55.714 ms - -[0m
[0mGET /buc-assets/13286324838471c3c85f8dd01e33b5a8.svg [32m200 [0m58.399 ms - -[0m
[0mGET /buc-assets/f8b06295d9f638916eeb0d735457a003.svg [32m200 [0m65.786 ms - -[0m
[0mGET /buc-assets/8f1db12bb6b7e8536a44a722b790c9a6.svg [32m200 [0m61.149 ms - -[0m
[0mGET /buc-assets/2198fde0988256a4c8b9c1ea948ec510.svg [32m200 [0m55.659 ms - -[0m
[0mGET /buc-assets/cdc0c99c3acfb66bc936205f2ad1afe3.svg [32m200 [0m57.406 ms - -[0m
[0mGET /buc-assets/085813000427f6077a2e0024e2133020.svg [32m200 [0m55.235 ms - -[0m
[0mGET /buc-assets/0dc841564102705bcacacd362b3b8131.svg [32m200 [0m56.390 ms - -[0m
[0mGET /buc-assets/5a372f0c1678dc475bef425fcf2cb3ac.svg [32m200 [0m57.801 ms - -[0m
[0mGET /buc-assets/9c9a51bb6d7dc35bd35831aee3177e58.svg [32m200 [0m58.141 ms - -[0m
[0mGET /buc-assets/140df10c0c0028b23094b744ca1b4296.eot [33m404 [0m896.563 ms - -[0m
[0mGET /buc-assets/41addb28c6d6f3e3c59910406d26b2bc.woff [33m404 [0m891.047 ms - -[0m
[0mGET /buc-assets/eff18a5f32d4e6999e0c2f6502e3ae00.svg [32m200 [0m55.612 ms - -[0m
[0mGET /buc-assets/eb25a97dbadd7aca490988e34b718575.svg [32m200 [0m56.918 ms - -[0m
[0mGET /buc-assets/0c3d738a00c4ae4a56ecc682221b2a93.ttf [33m404 [0m896.631 ms - -[0m
[0mGET /buc-assets/843968ce1c1735353cdbf1970ad246c9.svg [32m200 [0m59.001 ms - -[0m
[0mGET /buc-assets/540c3d1d2377d3e234718585baaa6fee.svg [32m200 [0m57.675 ms - -[0m
[0mGET /buc-assets/1f5136f352cbecfd3b7bcfbdba8bd2cc.ttf [33m404 [0m1834.036 ms - -[0m
[0mGET /buc-assets/61999964b531d5f7b1e877db1aafb4d3.svg [32m200 [0m56.956 ms - -[0m
[0mGET /buc-assets/c8296e41552fe8ffb63389aeea0692fb.svg [32m200 [0m55.522 ms - -[0m
[0mGET /buc-assets/ea341e9bf203d2d7ea06e626f1b37ddb.svg [32m200 [0m57.917 ms - -[0m
[0mGET /buc-assets/1940b0e6fc23e054d58b688fca9d0ba8.svg [32m200 [0m54.300 ms - -[0m
[0mGET /buc-assets/84e9eafdc9ce259a62d8adc739111df3.svg [32m200 [0m55.409 ms - -[0m
[0mGET /buc-assets/7efd8a2c6d67966f86286dee866f7c71.svg [32m200 [0m59.779 ms - -[0m
[0mGET /buc-assets/72c7e44d931071f9fe58649b8f0535e4.svg [32m200 [0m58.379 ms - -[0m
[0mGET /buc-assets/bf164f9a70780dba865cd5db18ef330c.svg [32m200 [0m56.114 ms - -[0m
[0mGET /buc-assets/a45b91b6c392b08966e94a694c74cca0.svg [32m200 [0m55.118 ms - -[0m
[0mGET /buc-assets/3090885590ca90890667f8799ae8b396.svg [32m200 [0m53.984 ms - -[0m
[0mGET /fonts/getsmart-13b5e715b8bfd8e98aa58b14a63f6536.eot [32m200 [0m55.811 ms - -[0m
[0mGET /fonts/getsmart-a6898a3277812bff42e7f06414a67cfb.woff2 [32m200 [0m60.553 ms - -[0m
[0mGET /fonts/getsmart-b1a8c5113e58295aa7e2e013fdbd0854.woff [32m200 [0m70.530 ms - -[0m
[0mGET /fonts/getsmart-52fbd391a7f4aba2fe5b8222ee80e3b2.ttf [32m200 [0m74.020 ms - -[0m
[0mGET /images/mejs-controls-f0849a5e79712b10e1531925e3edb879.svg [32m200 [0m69.731 ms - -[0m
[0mGET /fonts/avenir_semibold-1db846ed54f194eb5b4fa0ca610421c9.eot [32m200 [0m66.017 ms - -[0m
[0mGET /fonts/avenir_semibold-54eff17cb3ec2b7bc37236f1a44d009f.woff [32m200 [0m55.253 ms - -[0m
[0mGET /fonts/getsmart-1c02e7d548c6a61e7cb5f8d2ee64580f.svg [32m200 [0m72.739 ms - -[0m
[0mGET /fonts/avenir_semibold-e4ffab735e9125a0f797ca19bf48513d.ttf [32m200 [0m54.609 ms - -[0m
[0mGET /fonts/avenir_normal-1f5136f352cbecfd3b7bcfbdba8bd2cc.ttf [32m200 [0m56.194 ms - -[0m
[0mGET /fonts/avenir_normal-bccb425c76d49d20148ffc1bbf0c07bf.woff [32m200 [0m59.223 ms - -[0m
[0mGET /fonts/avenir_normal-a982b2e43032bb2657351fb1c6485348.eot [32m200 [0m60.570 ms - -[0m
[0mGET /fonts/avenir_light-140df10c0c0028b23094b744ca1b4296.eot [32m200 [0m61.517 ms - -[0m
[0mGET /fonts/avenir_light-41addb28c6d6f3e3c59910406d26b2bc.woff [32m200 [0m56.331 ms - -[0m
[0mGET /fonts/avenir_light-0c3d738a00c4ae4a56ecc682221b2a93.ttf [32m200 [0m57.202 ms - -[0m
[0mGET /images/color-filter-185238375d49cc7c68ed363fe58325cf.svg [32m200 [0m55.667 ms - -[0m
[0mGET /images/masquerade_avatars.png [33m404 [0m55.411 ms - -[0m
[0mGET /images/404_desert-ce16f3f834b154ccbdf2ecaa1e5e27d3.jpg [32m200 [0m55.069 ms - -[0m
[0mGET /images/bridge-bg-d468084397c378bac886d9cfd46a2516.jpg [32m200 [0m53.726 ms - -[0m
The automation client disconnected. Cannot continue running tests.
